# JRE version: OpenJDK Runtime Environment Temurin-17.0.6+10 (17.0.6+10) (build 17.0.6+10)
# Java VM: OpenJDK 64-Bit Server VM Temurin-17.0.6+10 (17.0.6+10, mixed mode, emulated-client, tiered, compressed oops, compressed class ptrs, g1 gc, windows-amd64)
GC Precious Log:
 CPUs: 8 total, 8 available
 Memory: 6019M
 Large Page Support: Disabled
 NUMA Support: Disabled
 Compressed Oops: Enabled (32-bit)
 Heap Region Size: 1M
 Heap Min Capacity: 8M
 Heap Initial Capacity: 96M
 Heap Max Capacity: 1G
 Pre-touch: Disabled
 Parallel Workers: 8
 Concurrent Workers: 2
 Concurrent Refinement Workers: 8
 Periodic GC: Disabled
Heap:
 garbage-first heap   total 140288K, used 45649K [0x00000000c0000000, 0x0000000100000000)
  region size 1024K, 1 young (1024K), 0 survivors (0K)
 Metaspace       used 68335K, committed 68928K, reserved 1114112K
  class space    used 9308K, committed 9600K, reserved 1048576K
GC Heap History (20 events):
Event: 8151.823 GC heap after
{Heap after GC invocations=845 (full 551):
 garbage-first heap   total 140288K, used 51882K [0x00000000c0000000, 0x0000000100000000)
  region size 1024K, 3 young (3072K), 3 survivors (3072K)
 Metaspace       used 67714K, committed 68224K, reserved 1114112K
  class space    used 9213K, committed 9472K, reserved 1048576K
}
Event: 8155.973 GC heap before
{Heap before GC invocations=845 (full 551):
 garbage-first heap   total 140288K, used 116394K [0x00000000c0000000, 0x0000000100000000)
  region size 1024K, 66 young (67584K), 3 survivors (3072K)
 Metaspace       used 67714K, committed 68224K, reserved 1114112K
  class space    used 9213K, committed 9472K, reserved 1048576K
}
Event: 8155.975 GC heap after
{Heap after GC invocations=846 (full 551):
 garbage-first heap   total 140288K, used 51090K [0x00000000c0000000, 0x0000000100000000)
  region size 1024K, 2 young (2048K), 2 survivors (2048K)
 Metaspace       used 67714K, committed 68224K, reserved 1114112K
  class space    used 9213K, committed 9472K, reserved 1048576K
}
Event: 8163.224 GC heap before
{Heap before GC invocations=846 (full 551):
 garbage-first heap   total 140288K, used 117650K [0x00000000c0000000, 0x0000000100000000)
  region size 1024K, 67 young (68608K), 2 survivors (2048K)
 Metaspace       used 67714K, committed 68224K, reserved 1114112K
  class space    used 9213K, committed 9472K, reserved 1048576K
}
Event: 8163.227 GC heap after
{Heap after GC invocations=847 (full 551):
 garbage-first heap   total 140288K, used 52665K [0x00000000c0000000, 0x0000000100000000)
  region size 1024K, 4 young (4096K), 4 survivors (4096K)
 Metaspace       used 67714K, committed 68224K, reserved 1114112K
  class space    used 9213K, committed 9472K, reserved 1048576K
}
Event: 8181.009 GC heap before
{Heap before GC invocations=847 (full 551):
 garbage-first heap   total 140288K, used 115129K [0x00000000c0000000, 0x0000000100000000)
  region size 1024K, 66 young (67584K), 4 survivors (4096K)
 Metaspace       used 67714K, committed 68224K, reserved 1114112K
  class space    used 9213K, committed 9472K, reserved 1048576K
}
Event: 8181.011 GC heap after
{Heap after GC invocations=848 (full 551):
 garbage-first heap   total 140288K, used 51268K [0x00000000c0000000, 0x0000000100000000)
  region size 1024K, 2 young (2048K), 2 survivors (2048K)
 Metaspace       used 67714K, committed 68224K, reserved 1114112K
  class space    used 9213K, committed 9472K, reserved 1048576K
}
Event: 8298.803 GC heap before
{Heap before GC invocations=848 (full 551):
 garbage-first heap   total 140288K, used 109636K [0x00000000c0000000, 0x0000000100000000)
  region size 1024K, 57 young (58368K), 2 survivors (2048K)
 Metaspace       used 68399K, committed 68928K, reserved 1114112K
  class space    used 9322K, committed 9600K, reserved 1048576K
}
Event: 8298.880 GC heap after
{Heap after GC invocations=849 (full 552):
 garbage-first heap   total 140288K, used 45674K [0x00000000c0000000, 0x0000000100000000)
  region size 1024K, 0 young (0K), 0 survivors (0K)
 Metaspace       used 68399K, committed 68928K, reserved 1114112K
  class space    used 9322K, committed 9600K, reserved 1048576K
}
Event: 8309.087 GC heap before
{Heap before GC invocations=849 (full 552):
 garbage-first heap   total 140288K, used 45674K [0x00000000c0000000, 0x0000000100000000)
  region size 1024K, 1 young (1024K), 0 survivors (0K)
 Metaspace       used 68399K, committed 68928K, reserved 1114112K
  class space    used 9322K, committed 9600K, reserved 1048576K
}
Event: 8309.237 GC heap after
{Heap after GC invocations=850 (full 553):
 garbage-first heap   total 140288K, used 45551K [0x00000000c0000000, 0x0000000100000000)
  region size 1024K, 0 young (0K), 0 survivors (0K)
 Metaspace       used 68335K, committed 68928K, reserved 1114112K
  class space    used 9308K, committed 9600K, reserved 1048576K
}
Event: 8319.385 GC heap before
{Heap before GC invocations=850 (full 553):
 garbage-first heap   total 140288K, used 45551K [0x00000000c0000000, 0x0000000100000000)
  region size 1024K, 1 young (1024K), 0 survivors (0K)
 Metaspace       used 68335K, committed 68928K, reserved 1114112K
  class space    used 9308K, committed 9600K, reserved 1048576K
}
Event: 8319.434 GC heap after
{Heap after GC invocations=851 (full 554):
 garbage-first heap   total 140288K, used 45551K [0x00000000c0000000, 0x0000000100000000)
  region size 1024K, 0 young (0K), 0 survivors (0K)
 Metaspace       used 68335K, committed 68928K, reserved 1114112K
  class space    used 9308K, committed 9600K, reserved 1048576K
}
Event: 8329.632 GC heap before
{Heap before GC invocations=851 (full 554):
 garbage-first heap   total 140288K, used 45551K [0x00000000c0000000, 0x0000000100000000)
  region size 1024K, 1 young (1024K), 0 survivors (0K)
 Metaspace       used 68335K, committed 68928K, reserved 1114112K
  class space    used 9308K, committed 9600K, reserved 1048576K
}
Event: 8329.699 GC heap after
{Heap after GC invocations=852 (full 555):
 garbage-first heap   total 140288K, used 45551K [0x00000000c0000000, 0x0000000100000000)
  region size 1024K, 0 young (0K), 0 survivors (0K)
 Metaspace       used 68335K, committed 68928K, reserved 1114112K
  class space    used 9308K, committed 9600K, reserved 1048576K
}
Event: 8339.886 GC heap before
{Heap before GC invocations=852 (full 555):
 garbage-first heap   total 140288K, used 45551K [0x00000000c0000000, 0x0000000100000000)
  region size 1024K, 1 young (1024K), 0 survivors (0K)
 Metaspace       used 68335K, committed 68928K, reserved 1114112K
  class space    used 9308K, committed 9600K, reserved 1048576K
}
Event: 8339.938 GC heap after
{Heap after GC invocations=853 (full 556):
 garbage-first heap   total 140288K, used 45551K [0x00000000c0000000, 0x0000000100000000)
  region size 1024K, 0 young (0K), 0 survivors (0K)
 Metaspace       used 68335K, committed 68928K, reserved 1114112K
  class space    used 9308K, committed 9600K, reserved 1048576K
}
Event: 8350.083 GC heap before
{Heap before GC invocations=853 (full 556):
 garbage-first heap   total 140288K, used 45551K [0x00000000c0000000, 0x0000000100000000)
  region size 1024K, 1 young (1024K), 0 survivors (0K)
 Metaspace       used 68335K, committed 68928K, reserved 1114112K
  class space    used 9308K, committed 9600K, reserved 1048576K
}
Event: 8350.131 GC heap after
{Heap after GC invocations=854 (full 557):
 garbage-first heap   total 140288K, used 45551K [0x00000000c0000000, 0x0000000100000000)
  region size 1024K, 0 young (0K), 0 survivors (0K)
 Metaspace       used 68335K, committed 68928K, reserved 1114112K
  class space    used 9308K, committed 9600K, reserved 1048576K
}
Event: 13769.382 GC heap before
{Heap before GC invocations=854 (full 557):
 garbage-first heap   total 140288K, used 45551K [0x00000000c0000000, 0x0000000100000000)
  region size 1024K, 1 young (1024K), 0 survivors (0K)
 Metaspace       used 68335K, committed 68928K, reserved 1114112K
  class space    used 9308K, committed 9600K, reserved 1048576K
}

